<?xml version="1.0" encoding="UTF-8"?>
<testng-results ignored="0" total="1" passed="1" failed="0" skipped="0">
  <reporter-output>
  </reporter-output>
  <suite started-at="2025-02-28T09:15:46 IST" name="Default suite" finished-at="2025-02-28T09:15:48 IST" duration-ms="2978">
    <groups>
    </groups>
    <test started-at="2025-02-28T09:15:46 IST" name="Default test" finished-at="2025-02-28T09:15:48 IST" duration-ms="2978">
      <class name="org.com.ftsrestapi.ftstestng.ReceivedFilesListingpages">
        <test-method is-config="true" signature="setup()[pri:0, instance:org.com.ftsrestapi.ftstestng.ReceivedFilesListingpages@2e6a8155]" started-at="2025-02-28T09:15:46 IST" name="setup" finished-at="2025-02-28T09:15:46 IST" duration-ms="9" status="PASS">
          <reporter-output>
          </reporter-output>
        </test-method> <!-- setup -->
        <test-method signature="PostReceivedfiles()[pri:0, instance:org.com.ftsrestapi.ftstestng.ReceivedFilesListingpages@2e6a8155]" started-at="2025-02-28T09:15:46 IST" name="PostReceivedfiles" finished-at="2025-02-28T09:15:48 IST" duration-ms="2914" status="PASS">
          <reporter-output>
          </reporter-output>
        </test-method> <!-- PostReceivedfiles -->
      </class> <!-- org.com.ftsrestapi.ftstestng.ReceivedFilesListingpages -->
    </test> <!-- Default test -->
  </suite> <!-- Default suite -->
</testng-results>
